\BOOKMARK [0][-]{chapter.1}{\376\377\000I\000n\000t\000r\000o\000d\000u\000c\000c\000i\000\363\000n}{}% 1
\BOOKMARK [1][-]{section.1.1}{\376\377\000C\000o\000n\000t\000e\000x\000t\000o\000\040\000y\000\040\000m\000o\000t\000i\000v\000a\000c\000i\000\363\000n}{chapter.1}% 2
\BOOKMARK [1][-]{section.1.2}{\376\377\000O\000b\000j\000e\000t\000i\000v\000o\000s\000\040\000y\000\040\000a\000l\000c\000a\000n\000c\000e\000s}{chapter.1}% 3
\BOOKMARK [0][-]{chapter.2}{\376\377\000A\000n\000t\000e\000c\000e\000d\000e\000n\000t\000e\000s}{}% 4
\BOOKMARK [1][-]{section.2.1}{\376\377\000F\000u\000n\000d\000a\000m\000e\000n\000t\000o\000s\000\040\000d\000e\000\040\000C\000S}{chapter.2}% 5
\BOOKMARK [2][-]{subsection.2.1.1}{\376\377\000D\000e\000s\000c\000r\000i\000p\000c\000i\000\363\000n\000\040\000g\000e\000n\000e\000r\000a\000l\000\040\000d\000e\000l\000\040\000p\000r\000o\000c\000e\000s\000o}{section.2.1}% 6
\BOOKMARK [2][-]{subsection.2.1.2}{\376\377\000D\000i\000n\000\341\000m\000i\000c\000a\000\040\000d\000e\000l\000\040\000g\000a\000s}{section.2.1}% 7
\BOOKMARK [2][-]{subsection.2.1.3}{\376\377\000P\000r\000o\000y\000e\000c\000c\000i\000\363\000n\000\040\000d\000e\000\040\000p\000a\000r\000t\000\355\000c\000u\000l\000a\000s}{section.2.1}% 8
\BOOKMARK [2][-]{subsection.2.1.4}{\376\377\000I\000m\000p\000a\000c\000t\000o\000\040\000e\000n\000\040\000e\000l\000\040\000s\000u\000s\000t\000r\000a\000t\000o\000\040\000y\000\040\000a\000d\000h\000e\000s\000i\000\363\000n}{section.2.1}% 9
\BOOKMARK [2][-]{subsection.2.1.5}{\376\377\000I\000m\000p\000a\000c\000t\000o\000\040\000e\000n\000t\000r\000e\000\040\000p\000a\000r\000t\000\355\000c\000u\000l\000a\000s}{section.2.1}% 10
\BOOKMARK [2][-]{subsection.2.1.6}{\376\377\000V\000e\000l\000o\000c\000i\000d\000a\000d\000\040\000c\000r\000\355\000t\000i\000c\000a}{section.2.1}% 11
\BOOKMARK [2][-]{subsection.2.1.7}{\376\377\000E\000f\000i\000c\000i\000e\000n\000c\000i\000a\000\040\000d\000e\000\040\000d\000e\000p\000o\000s\000i\000c\000i\000\363\000n}{section.2.1}% 12
\BOOKMARK [2][-]{subsection.2.1.8}{\376\377\000P\000e\000r\000f\000i\000l\000\040\000d\000e\000\040\000d\000e\000p\000o\000s\000i\000c\000i\000\363\000n}{section.2.1}% 13
\BOOKMARK [1][-]{section.2.2}{\376\377\000F\000a\000b\000r\000i\000c\000a\000c\000i\000\363\000n\000\040\000p\000o\000r\000\040\000C\000S}{chapter.2}% 14
\BOOKMARK [2][-]{subsection.2.2.1}{\376\377\000P\000a\000r\000\341\000m\000e\000t\000r\000o\000s\000\040\000r\000e\000l\000e\000v\000a\000n\000t\000e\000s}{section.2.2}% 15
\BOOKMARK [2][-]{subsection.2.2.2}{\376\377\000C\000a\000r\000a\000c\000t\000e\000r\000\355\000s\000t\000i\000c\000a\000s\000\040\000d\000e\000\040\000p\000r\000o\000d\000u\000c\000t\000o\000s\000\040\000p\000o\000r\000\040\000C\000S}{section.2.2}% 16
\BOOKMARK [2][-]{subsection.2.2.3}{\376\377\000E\000s\000t\000r\000u\000c\000t\000u\000r\000a\000\040\000d\000e\000\040\000c\000o\000s\000t\000o\000s}{section.2.2}% 17
\BOOKMARK [2][-]{subsection.2.2.4}{\376\377\000A\000p\000l\000i\000c\000a\000c\000i\000o\000n\000e\000s\000\040\000t\000\355\000p\000i\000c\000a\000s}{section.2.2}% 18
\BOOKMARK [1][-]{section.2.3}{\376\377\000F\000a\000b\000r\000i\000c\000a\000c\000i\000\363\000n\000\040\000a\000d\000i\000t\000i\000v\000a}{chapter.2}% 19
\BOOKMARK [2][-]{subsection.2.3.1}{\376\377\000F\000u\000n\000d\000a\000m\000e\000n\000t\000o\000s\000\040\000d\000e\000\040\000F\000A}{section.2.3}% 20
\BOOKMARK [2][-]{subsection.2.3.2}{\376\377\000F\000A\000\040\000d\000e\000\040\000p\000i\000e\000z\000a\000s\000\040\000m\000e\000t\000\341\000l\000i\000c\000a\000s}{section.2.3}% 21
\BOOKMARK [2][-]{subsection.2.3.3}{\376\377\000F\000A\000\040\000m\000e\000d\000i\000a\000n\000t\000e\000\040\000C\000S}{section.2.3}% 22
\BOOKMARK [0][-]{chapter.3}{\376\377\000M\000e\000t\000o\000d\000o\000l\000o\000g\000\355\000a}{}% 23
\BOOKMARK [1][-]{section.3.1}{\376\377\000I\000m\000p\000l\000e\000m\000e\000n\000t\000a\000c\000i\000\363\000n\000\040\000d\000e\000\040\000u\000n\000\040\000s\000i\000s\000t\000e\000m\000a\000\040\000e\000x\000p\000e\000r\000i\000m\000e\000n\000t\000a\000l\000\040\000d\000e\000\040\000C\000S}{chapter.3}% 24
\BOOKMARK [2][-]{subsection.3.1.1}{\376\377\000R\000e\000c\000u\000r\000s\000o\000s}{section.3.1}% 25
\BOOKMARK [2][-]{subsection.3.1.2}{\376\377\000A\000d\000a\000p\000t\000a\000c\000i\000o\000n\000e\000s\000\040\000m\000e\000c\000\341\000n\000i\000c\000a\000s}{section.3.1}% 26
\BOOKMARK [2][-]{subsection.3.1.3}{\376\377\000S\000i\000s\000t\000e\000m\000a\000\040\000d\000e\000\040\000e\000x\000t\000r\000a\000c\000c\000i\000\363\000n}{section.3.1}% 27
\BOOKMARK [2][-]{subsection.3.1.4}{\376\377\000M\000a\000t\000e\000r\000i\000a\000l\000\040\000p\000u\000l\000v\000e\000r\000i\000z\000a\000d\000o\000\040\000y\000\040\000s\000u\000s\000t\000r\000a\000t\000o}{section.3.1}% 28
\BOOKMARK [2][-]{subsection.3.1.5}{\376\377\000S\000i\000s\000t\000e\000m\000a\000\040\000f\000i\000n\000a\000l}{section.3.1}% 29
\BOOKMARK [2][-]{subsection.3.1.6}{\376\377\000C\000a\000r\000a\000c\000t\000e\000r\000i\000z\000a\000c\000i\000\363\000n\000\040\000d\000e\000l\000\040\000e\000s\000p\000a\000c\000i\000o\000\040\000d\000e\000\040\000t\000r\000a\000b\000a\000j\000o}{section.3.1}% 30
\BOOKMARK [2][-]{subsection.3.1.7}{\376\377\000R\000e\000s\000u\000m\000e\000n\000\040\000d\000e\000\040\000p\000a\000r\000\341\000m\000e\000t\000r\000o\000s\000\040\000o\000p\000e\000r\000a\000t\000i\000v\000o\000s}{section.3.1}% 31
\BOOKMARK [1][-]{section.3.2}{\376\377\000P\000l\000a\000n\000i\000f\000i\000c\000a\000c\000i\000\363\000n\000\040\000d\000e\000\040\000e\000x\000p\000e\000r\000i\000m\000e\000n\000t\000o\000s\000\040\000d\000e\000\040\000t\000r\000a\000z\000o\000\040\000y\000\040\000p\000a\000r\000e\000d}{chapter.3}% 32
\BOOKMARK [2][-]{subsection.3.2.1}{\376\377\000C\000a\000r\000a\000c\000t\000e\000r\000\355\000s\000t\000i\000c\000a\000s\000\040\000d\000e\000\040\000l\000a\000s\000\040\000t\000o\000b\000e\000r\000a\000s}{section.3.2}% 33
\BOOKMARK [2][-]{subsection.3.2.2}{\376\377\000C\000a\000r\000a\000c\000t\000e\000r\000i\000z\000a\000c\000i\000\363\000n\000\040\000d\000e\000l\000\040\000p\000e\000r\000f\000i\000l\000\040\000d\000e\000\040\000d\000e\000p\000o\000s\000i\000c\000i\000\363\000n}{section.3.2}% 34
\BOOKMARK [2][-]{subsection.3.2.3}{\376\377\000E\000s\000t\000r\000a\000t\000e\000g\000i\000a\000s\000\040\000d\000e\000\040\000d\000e\000p\000o\000s\000i\000c\000i\000\363\000n}{section.3.2}% 35
\BOOKMARK [1][-]{section.3.3}{\376\377\000C\000a\000r\000a\000c\000t\000e\000r\000i\000z\000a\000c\000i\000\363\000n\000\040\000d\000e\000l\000\040\000p\000r\000o\000c\000e\000s\000o\000\040\000C\000S\000A\000M}{chapter.3}% 36
\BOOKMARK [2][-]{subsection.3.3.1}{\376\377\000C\000a\000r\000a\000c\000t\000e\000r\000i\000z\000a\000c\000i\000\363\000n\000\040\000m\000e\000c\000\341\000n\000i\000c\000a\000\040\000d\000e\000\040\000p\000r\000o\000b\000e\000t\000a\000s}{section.3.3}% 37
\BOOKMARK [2][-]{subsection.3.3.2}{\376\377\000C\000a\000r\000a\000c\000t\000e\000r\000i\000z\000a\000c\000i\000\363\000n\000\040\000d\000e\000\040\000p\000i\000e\000z\000a\000s\000\040\000t\000r\000i\000d\000i\000m\000e\000n\000s\000i\000o\000n\000a\000l\000e\000s}{section.3.3}% 38
\BOOKMARK [2][-]{subsection.3.3.3}{\376\377\000A\000n\000\341\000l\000i\000s\000i\000s\000\040\000d\000e\000\040\000d\000e\000s\000e\000m\000p\000e\000\361\000o\000\040\000d\000e\000l\000\040\000p\000r\000o\000c\000e\000s\000o}{section.3.3}% 39
\BOOKMARK [2][-]{subsection.3.3.4}{\376\377\000R\000e\000s\000u\000m\000e\000n\000\040\000d\000e\000\040\000i\000n\000d\000i\000c\000a\000d\000o\000r\000e\000s\000\040\000d\000e\000\040\000e\000v\000a\000l\000u\000a\000c\000i\000\363\000n}{section.3.3}% 40
\BOOKMARK [0][-]{chapter.4}{\376\377\000R\000e\000s\000u\000l\000t\000a\000d\000o\000s\000\040\000y\000\040\000d\000i\000s\000c\000u\000s\000i\000\363\000n}{}% 41
\BOOKMARK [1][-]{section.4.1}{\376\377\000C\000a\000r\000a\000c\000t\000e\000r\000i\000z\000a\000c\000i\000\363\000n\000\040\000d\000e\000l\000\040\000p\000e\000r\000f\000i\000l}{chapter.4}% 42
\BOOKMARK [1][-]{section.4.2}{\376\377\000E\000s\000t\000r\000a\000t\000e\000g\000i\000a\000s\000\040\000d\000e\000\040\000c\000o\000m\000p\000e\000n\000s\000a\000c\000i\000\363\000n}{chapter.4}% 43
\BOOKMARK [1][-]{section.4.3}{\376\377\000E\000n\000s\000a\000y\000o\000s\000\040\000m\000e\000c\000\341\000n\000i\000c\000o\000s}{chapter.4}% 44
\BOOKMARK [1][-]{section.4.4}{\376\377\000F\000i\000d\000e\000l\000i\000d\000a\000d\000\040\000g\000e\000o\000m\000\351\000t\000r\000i\000c\000a}{chapter.4}% 45
\BOOKMARK [1][-]{section.4.5}{\376\377\000E\000s\000t\000r\000u\000c\000t\000u\000r\000a\000\040\000d\000e\000\040\000c\000o\000s\000t\000o\000s}{chapter.4}% 46
\BOOKMARK [0][-]{chapter.5}{\376\377\000C\000o\000n\000c\000l\000u\000s\000i\000o\000n\000e\000s\000\040\000y\000\040\000t\000r\000a\000b\000a\000j\000o\000\040\000f\000u\000t\000u\000r\000o}{}% 47
\BOOKMARK [1][-]{section.5.1}{\376\377\000C\000o\000n\000c\000l\000u\000s\000i\000o\000n\000e\000s}{chapter.5}% 48
\BOOKMARK [1][-]{section.5.2}{\376\377\000T\000r\000a\000b\000a\000j\000o\000\040\000f\000u\000t\000u\000r\000o}{chapter.5}% 49
\BOOKMARK [0][-]{chapter*.60}{\376\377\000B\000i\000b\000l\000i\000o\000g\000r\000a\000f\000\355\000a}{}% 50
\BOOKMARK [0][-]{Appendix.alph1.Alph1}{\376\377\000A\000p\000\351\000n\000d\000i\000c\000e\000\040\000A\000n\000e\000x\000o}{}% 51
